<?xml version="1.0" encoding="UTF-8"?>
<!-- Generated by org.testng.reporters.JUnitReportReporter -->
<testsuite hostname="DESKTOP-PQG2RVD" failures="0" tests="3" name="sample.Sample" time="0.019" errors="0" timestamp="2024-03-08T10:42:57 IST" skipped="0">
  <testcase classname="sample.Sample" name="test3" time="0.003"/>
  <testcase classname="sample.Sample" name="test1" time="0.013"/>
  <testcase classname="sample.Sample" name="test2" time="0.003"/>
</testsuite> <!-- sample.Sample -->
